<?xml version="1.0" encoding="UTF-8"?>
<testsuite name="TwelveDaysTest" tests="1" skipped="0" failures="0" errors="0" timestamp="2022-03-11T05:00:22" hostname="ABI-HP1399" time="0.007">
  <properties/>
  <testcase name="testSingWholeSong" classname="TwelveDaysTest" time="0.007"/>
  <system-out><![CDATA[]]></system-out>
  <system-err><![CDATA[]]></system-err>
</testsuite>
