<?xml version="1.0" encoding="UTF-8"?>
<testsuite name="PythagoreanTripletTest" tests="1" skipped="0" failures="0" errors="0" timestamp="2022-03-11T06:20:09" hostname="ABI-HP1399" time="0.138">
  <properties/>
  <testcase name="tripletsWhoseSumIs30000" classname="PythagoreanTripletTest" time="0.138"/>
  <system-out><![CDATA[]]></system-out>
  <system-err><![CDATA[]]></system-err>
</testsuite>
